{"C:\\Users\\orlov_da\\Desktop\\Dima\\stellar-burgers\\src\\services\\slices\\burgerConstructor\\burgerConstructorSlice.ts": {"path":"C:\\Users\\orlov_da\\Desktop\\Dima\\stellar-burgers\\src\\services\\slices\\burgerConstructor\\burgerConstructorSlice.ts","all":false,"statementMap":{"0":{"start":{"line":1,"column":0},"end":{"line":1,"column":62}},"1":{"start":{"line":2,"column":0},"end":{"line":2,"column":67}},"2":{"start":{"line":3,"column":0},"end":{"line":3,"column":36}},"3":{"start":{"line":4,"column":0},"end":{"line":4,"column":0}},"4":{"start":{"line":5,"column":0},"end":{"line":5,"column":21}},"5":{"start":{"line":6,"column":0},"end":{"line":6,"column":26}},"6":{"start":{"line":7,"column":0},"end":{"line":7,"column":40}},"7":{"start":{"line":8,"column":0},"end":{"line":8,"column":2}},"8":{"start":{"line":9,"column":0},"end":{"line":9,"column":0}},"9":{"start":{"line":10,"column":0},"end":{"line":10,"column":43}},"10":{"start":{"line":11,"column":0},"end":{"line":11,"column":12}},"11":{"start":{"line":12,"column":0},"end":{"line":12,"column":17}},"12":{"start":{"line":13,"column":0},"end":{"line":13,"column":2}},"13":{"start":{"line":14,"column":0},"end":{"line":14,"column":0}},"14":{"start":{"line":15,"column":0},"end":{"line":15,"column":30}},"15":{"start":{"line":16,"column":0},"end":{"line":16,"column":30}},"16":{"start":{"line":17,"column":0},"end":{"line":17,"column":59}},"17":{"start":{"line":18,"column":0},"end":{"line":18,"column":63}},"18":{"start":{"line":19,"column":0},"end":{"line":19,"column":30}},"19":{"start":{"line":20,"column":0},"end":{"line":20,"column":60}},"20":{"start":{"line":21,"column":0},"end":{"line":21,"column":35}},"21":{"start":{"line":22,"column":0},"end":{"line":22,"column":60}},"22":{"start":{"line":23,"column":0},"end":{"line":23,"column":5}},"23":{"start":{"line":24,"column":0},"end":{"line":24,"column":4}},"24":{"start":{"line":25,"column":0},"end":{"line":25,"column":0}},"25":{"start":{"line":26,"column":0},"end":{"line":26,"column":51}},"26":{"start":{"line":27,"column":0},"end":{"line":27,"column":28}},"27":{"start":{"line":28,"column":0},"end":{"line":28,"column":15}},"28":{"start":{"line":29,"column":0},"end":{"line":29,"column":13}},"29":{"start":{"line":30,"column":0},"end":{"line":30,"column":60}},"30":{"start":{"line":31,"column":0},"end":{"line":31,"column":33}},"31":{"start":{"line":32,"column":0},"end":{"line":32,"column":6}},"32":{"start":{"line":33,"column":0},"end":{"line":33,"column":20}},"33":{"start":{"line":34,"column":0},"end":{"line":34,"column":74}},"34":{"start":{"line":35,"column":0},"end":{"line":35,"column":67}},"35":{"start":{"line":36,"column":0},"end":{"line":36,"column":8}},"36":{"start":{"line":37,"column":0},"end":{"line":37,"column":47}},"37":{"start":{"line":38,"column":0},"end":{"line":38,"column":18}},"38":{"start":{"line":39,"column":0},"end":{"line":39,"column":25}},"39":{"start":{"line":40,"column":0},"end":{"line":40,"column":22}},"40":{"start":{"line":41,"column":0},"end":{"line":41,"column":9}},"41":{"start":{"line":42,"column":0},"end":{"line":42,"column":8}},"42":{"start":{"line":43,"column":0},"end":{"line":43,"column":6}},"43":{"start":{"line":44,"column":0},"end":{"line":44,"column":65}},"44":{"start":{"line":45,"column":0},"end":{"line":45,"column":51}},"45":{"start":{"line":46,"column":0},"end":{"line":46,"column":44}},"46":{"start":{"line":47,"column":0},"end":{"line":47,"column":8}},"47":{"start":{"line":48,"column":0},"end":{"line":48,"column":6}},"48":{"start":{"line":49,"column":0},"end":{"line":49,"column":38}},"49":{"start":{"line":50,"column":0},"end":{"line":50,"column":51}},"50":{"start":{"line":51,"column":0},"end":{"line":51,"column":6}},"51":{"start":{"line":52,"column":0},"end":{"line":52,"column":51}},"52":{"start":{"line":53,"column":0},"end":{"line":53,"column":54}},"53":{"start":{"line":54,"column":0},"end":{"line":54,"column":4}},"54":{"start":{"line":55,"column":0},"end":{"line":55,"column":14}},"55":{"start":{"line":56,"column":0},"end":{"line":56,"column":41}},"56":{"start":{"line":57,"column":0},"end":{"line":57,"column":56}},"57":{"start":{"line":58,"column":0},"end":{"line":58,"column":3}},"58":{"start":{"line":59,"column":0},"end":{"line":59,"column":3}},"59":{"start":{"line":60,"column":0},"end":{"line":60,"column":0}},"60":{"start":{"line":61,"column":0},"end":{"line":61,"column":50}},"61":{"start":{"line":62,"column":0},"end":{"line":62,"column":0}},"62":{"start":{"line":63,"column":0},"end":{"line":63,"column":57}},"63":{"start":{"line":64,"column":0},"end":{"line":64,"column":35}},"64":{"start":{"line":65,"column":0},"end":{"line":65,"column":0}},"65":{"start":{"line":66,"column":0},"end":{"line":66,"column":14}},"66":{"start":{"line":67,"column":0},"end":{"line":67,"column":9}},"67":{"start":{"line":68,"column":0},"end":{"line":68,"column":16}},"68":{"start":{"line":69,"column":0},"end":{"line":69,"column":19}},"69":{"start":{"line":70,"column":0},"end":{"line":70,"column":23}},"70":{"start":{"line":71,"column":0},"end":{"line":71,"column":21}},"71":{"start":{"line":72,"column":0},"end":{"line":72,"column":18}},"72":{"start":{"line":73,"column":0},"end":{"line":73,"column":35}}},"s":{"0":1,"1":1,"2":1,"3":1,"4":1,"5":1,"6":1,"7":1,"8":1,"9":1,"10":1,"11":1,"12":1,"13":1,"14":1,"15":1,"16":2,"17":1,"18":1,"19":1,"20":1,"21":0,"22":0,"23":2,"24":1,"25":1,"26":1,"27":1,"28":1,"29":1,"30":0,"31":1,"32":1,"33":1,"34":2,"35":1,"36":1,"37":1,"38":1,"39":1,"40":1,"41":1,"42":1,"43":1,"44":2,"45":2,"46":2,"47":1,"48":1,"49":0,"50":1,"51":1,"52":1,"53":1,"54":1,"55":1,"56":1,"57":1,"58":1,"59":1,"60":1,"61":1,"62":1,"63":1,"64":1,"65":1,"66":1,"67":1,"68":1,"69":1,"70":1,"71":1,"72":1},"branchMap":{"0":{"type":"branch","line":16,"loc":{"start":{"line":16,"column":2},"end":{"line":24,"column":4}},"locations":[{"start":{"line":16,"column":2},"end":{"line":24,"column":4}}]},"1":{"type":"branch","line":17,"loc":{"start":{"line":17,"column":2},"end":{"line":24,"column":3}},"locations":[{"start":{"line":17,"column":2},"end":{"line":24,"column":3}}]},"2":{"type":"branch","line":21,"loc":{"start":{"line":21,"column":5},"end":{"line":23,"column":5}},"locations":[{"start":{"line":21,"column":5},"end":{"line":23,"column":5}}]},"3":{"type":"branch","line":34,"loc":{"start":{"line":34,"column":15},"end":{"line":36,"column":7}},"locations":[{"start":{"line":34,"column":15},"end":{"line":36,"column":7}}]},"4":{"type":"branch","line":37,"loc":{"start":{"line":37,"column":15},"end":{"line":37,"column":46}},"locations":[{"start":{"line":37,"column":15},"end":{"line":37,"column":46}}]},"5":{"type":"branch","line":44,"loc":{"start":{"line":44,"column":22},"end":{"line":48,"column":5}},"locations":[{"start":{"line":44,"column":22},"end":{"line":48,"column":5}}]},"6":{"type":"branch","line":46,"loc":{"start":{"line":46,"column":8},"end":{"line":46,"column":22}},"locations":[{"start":{"line":46,"column":8},"end":{"line":46,"column":22}}]}},"b":{"0":[2],"1":[1],"2":[0],"3":[2],"4":[2],"5":[2],"6":[1]},"fnMap":{"0":{"name":"moveIngredientFunction","decl":{"start":{"line":16,"column":2},"end":{"line":24,"column":4}},"loc":{"start":{"line":16,"column":2},"end":{"line":24,"column":4}},"line":16},"1":{"name":"setBun","decl":{"start":{"line":30,"column":12},"end":{"line":32,"column":5}},"loc":{"start":{"line":30,"column":12},"end":{"line":32,"column":5}},"line":30},"2":{"name":"reducer","decl":{"start":{"line":34,"column":15},"end":{"line":36,"column":7}},"loc":{"start":{"line":34,"column":15},"end":{"line":36,"column":7}},"line":34},"3":{"name":"prepare","decl":{"start":{"line":37,"column":15},"end":{"line":37,"column":46}},"loc":{"start":{"line":37,"column":15},"end":{"line":37,"column":46}},"line":37},"4":{"name":"removeIngredient","decl":{"start":{"line":44,"column":22},"end":{"line":48,"column":5}},"loc":{"start":{"line":44,"column":22},"end":{"line":48,"column":5}},"line":44},"5":{"name":"clearConstructorData","decl":{"start":{"line":49,"column":26},"end":{"line":51,"column":5}},"loc":{"start":{"line":49,"column":26},"end":{"line":51,"column":5}},"line":49},"6":{"name":"getBunSelector","decl":{"start":{"line":56,"column":20},"end":{"line":56,"column":36}},"loc":{"start":{"line":56,"column":20},"end":{"line":56,"column":36}},"line":56},"7":{"name":"getIngredientsSelector","decl":{"start":{"line":57,"column":28},"end":{"line":57,"column":44}},"loc":{"start":{"line":57,"column":28},"end":{"line":57,"column":44}},"line":57}},"f":{"0":2,"1":0,"2":2,"3":2,"4":2,"5":0,"6":0,"7":0}}
}
